midl : command line warning MIDL1015: /W0 or /no_warn overrides warning-level switch
  Processing .\VSPackage1.idl
  VSPackage1.idl
  Processing C:\Program Files (x86)\Windows Kits\10\Include\10.0.17134.0\um\oaidl.idl
  oaidl.idl
  Processing C:\Program Files (x86)\Windows Kits\10\Include\10.0.17134.0\um\objidl.idl
  objidl.idl
  Processing C:\Program Files (x86)\Windows Kits\10\Include\10.0.17134.0\um\unknwn.idl
  unknwn.idl
  Processing C:\Program Files (x86)\Windows Kits\10\Include\10.0.17134.0\shared\wtypes.idl
  wtypes.idl
  Processing C:\Program Files (x86)\Windows Kits\10\Include\10.0.17134.0\shared\wtypesbase.idl
  wtypesbase.idl
  Processing C:\Program Files (x86)\Windows Kits\10\Include\10.0.17134.0\shared\basetsd.h
  basetsd.h
  Processing C:\Program Files (x86)\Windows Kits\10\Include\10.0.17134.0\shared\guiddef.h
  guiddef.h
  Processing C:\Program Files (x86)\Windows Kits\10\Include\10.0.17134.0\um\ocidl.idl
  ocidl.idl
  Processing C:\Program Files (x86)\Windows Kits\10\Include\10.0.17134.0\um\oleidl.idl
  oleidl.idl
  Processing C:\Program Files (x86)\Windows Kits\10\Include\10.0.17134.0\um\servprov.idl
  servprov.idl
  Processing C:\Program Files (x86)\Windows Kits\10\Include\10.0.17134.0\um\urlmon.idl
  urlmon.idl
  Processing C:\Program Files (x86)\Windows Kits\10\Include\10.0.17134.0\um\msxml.idl
  msxml.idl
  Processing C:\Program Files (x86)\Microsoft Visual Studio\2017\Community\VSSDK\VisualStudioIntegration\common\idl\vsshell.idl
  vsshell.idl
  Processing C:\Program Files (x86)\Windows Kits\10\Include\10.0.17134.0\um\docobj.idl
  docobj.idl
  Processing C:\Program Files (x86)\Microsoft Visual Studio\2017\Community\VSSDK\VisualStudioIntegration\common\idl\designer.idl
  designer.idl
  Processing C:\Program Files (x86)\Microsoft Visual Studio\2017\Community\VSSDK\VisualStudioIntegration\common\idl\textmgr.idl
  textmgr.idl
  Processing C:\Program Files (x86)\Microsoft Visual Studio\2017\Community\VSSDK\VisualStudioIntegration\common\idl\context.idl
  context.idl
  Processing C:\Program Files (x86)\Microsoft Visual Studio\2017\Community\VSSDK\VisualStudioIntegration\common\idl\oleipc.idl
  oleipc.idl
  Processing C:\Program Files (x86)\Windows Kits\10\Include\10.0.17134.0\um\oaidl.acf
  oaidl.acf
  Processing C:\Program Files (x86)\Windows Kits\10\Include\10.0.17134.0\um\ocidl.acf
  ocidl.acf
  StdAfx.cpp
  Guids.cpp
  Module.cpp
    正在创建库 D:\Documents\2018-2019\robotics\VSPackage1\Debug\VSPackage1.lib 和对象 D:\Documents\2018-2019\robotics\VSPackage1\Debug\VSPackage1.exp
  VSPackage1.vcxproj -> D:\Documents\2018-2019\robotics\VSPackage1\Debug\VSPackage1.dll
